<?xml version="1.0" encoding="UTF-8"?>
<testsuite xmlns:xsi="http://www.w3.org/2001/XMLSchema-instance" xsi:noNamespaceSchemaLocation="https://maven.apache.org/surefire/maven-surefire-plugin/xsd/surefire-test-report.xsd" version="3.0.2" name="me.dionclei.dslist.repositories.GameRepositoryTests" time="0.799" tests="8" errors="0" skipped="0" failures="0">
  <properties>
    <property name="java.specification.version" value="21"/>
    <property name="sun.cpu.isalist" value="amd64"/>
    <property name="sun.jnu.encoding" value="Cp1252"/>
    <property name="java.class.path" value="F:\Projects\STS\dslist\target\test-classes;F:\Projects\STS\dslist\target\classes;C:\Users\Pichau\.m2\repository\org\springframework\boot\spring-boot-starter-data-jpa\3.4.2\spring-boot-starter-data-jpa-3.4.2.jar;C:\Users\Pichau\.m2\repository\org\springframework\boot\spring-boot-starter\3.4.2\spring-boot-starter-3.4.2.jar;C:\Users\Pichau\.m2\repository\org\springframework\boot\spring-boot\3.4.2\spring-boot-3.4.2.jar;C:\Users\Pichau\.m2\repository\org\springframework\boot\spring-boot-autoconfigure\3.4.2\spring-boot-autoconfigure-3.4.2.jar;C:\Users\Pichau\.m2\repository\org\springframework\boot\spring-boot-starter-logging\3.4.2\spring-boot-starter-logging-3.4.2.jar;C:\Users\Pichau\.m2\repository\ch\qos\logback\logback-classic\1.5.16\logback-classic-1.5.16.jar;C:\Users\Pichau\.m2\repository\ch\qos\logback\logback-core\1.5.16\logback-core-1.5.16.jar;C:\Users\Pichau\.m2\repository\org\apache\logging\log4j\log4j-to-slf4j\2.24.3\log4j-to-slf4j-2.24.3.jar;C:\Users\Pichau\.m2\repository\org\apache\logging\log4j\log4j-api\2.24.3\log4j-api-2.24.3.jar;C:\Users\Pichau\.m2\repository\org\slf4j\jul-to-slf4j\2.0.16\jul-to-slf4j-2.0.16.jar;C:\Users\Pichau\.m2\repository\jakarta\annotation\jakarta.annotation-api\2.1.1\jakarta.annotation-api-2.1.1.jar;C:\Users\Pichau\.m2\repository\org\yaml\snakeyaml\2.3\snakeyaml-2.3.jar;C:\Users\Pichau\.m2\repository\org\springframework\boot\spring-boot-starter-jdbc\3.4.2\spring-boot-starter-jdbc-3.4.2.jar;C:\Users\Pichau\.m2\repository\com\zaxxer\HikariCP\5.1.0\HikariCP-5.1.0.jar;C:\Users\Pichau\.m2\repository\org\springframework\spring-jdbc\6.2.2\spring-jdbc-6.2.2.jar;C:\Users\Pichau\.m2\repository\org\hibernate\orm\hibernate-core\6.6.5.Final\hibernate-core-6.6.5.Final.jar;C:\Users\Pichau\.m2\repository\jakarta\persistence\jakarta.persistence-api\3.1.0\jakarta.persistence-api-3.1.0.jar;C:\Users\Pichau\.m2\repository\jakarta\transaction\jakarta.transaction-api\2.0.1\jakarta.transaction-api-2.0.1.jar;C:\Users\Pichau\.m2\repository\org\jboss\logging\jboss-logging\3.6.1.Final\jboss-logging-3.6.1.Final.jar;C:\Users\Pichau\.m2\repository\org\hibernate\common\hibernate-commons-annotations\7.0.3.Final\hibernate-commons-annotations-7.0.3.Final.jar;C:\Users\Pichau\.m2\repository\io\smallrye\jandex\3.2.0\jandex-3.2.0.jar;C:\Users\Pichau\.m2\repository\com\fasterxml\classmate\1.7.0\classmate-1.7.0.jar;C:\Users\Pichau\.m2\repository\net\bytebuddy\byte-buddy\1.15.11\byte-buddy-1.15.11.jar;C:\Users\Pichau\.m2\repository\org\glassfish\jaxb\jaxb-runtime\4.0.5\jaxb-runtime-4.0.5.jar;C:\Users\Pichau\.m2\repository\org\glassfish\jaxb\jaxb-core\4.0.5\jaxb-core-4.0.5.jar;C:\Users\Pichau\.m2\repository\org\eclipse\angus\angus-activation\2.0.2\angus-activation-2.0.2.jar;C:\Users\Pichau\.m2\repository\org\glassfish\jaxb\txw2\4.0.5\txw2-4.0.5.jar;C:\Users\Pichau\.m2\repository\com\sun\istack\istack-commons-runtime\4.1.2\istack-commons-runtime-4.1.2.jar;C:\Users\Pichau\.m2\repository\jakarta\inject\jakarta.inject-api\2.0.1\jakarta.inject-api-2.0.1.jar;C:\Users\Pichau\.m2\repository\org\antlr\antlr4-runtime\4.13.0\antlr4-runtime-4.13.0.jar;C:\Users\Pichau\.m2\repository\org\springframework\data\spring-data-jpa\3.4.2\spring-data-jpa-3.4.2.jar;C:\Users\Pichau\.m2\repository\org\springframework\data\spring-data-commons\3.4.2\spring-data-commons-3.4.2.jar;C:\Users\Pichau\.m2\repository\org\springframework\spring-orm\6.2.2\spring-orm-6.2.2.jar;C:\Users\Pichau\.m2\repository\org\springframework\spring-context\6.2.2\spring-context-6.2.2.jar;C:\Users\Pichau\.m2\repository\org\springframework\spring-tx\6.2.2\spring-tx-6.2.2.jar;C:\Users\Pichau\.m2\repository\org\springframework\spring-beans\6.2.2\spring-beans-6.2.2.jar;C:\Users\Pichau\.m2\repository\org\slf4j\slf4j-api\2.0.16\slf4j-api-2.0.16.jar;C:\Users\Pichau\.m2\repository\org\springframework\spring-aspects\6.2.2\spring-aspects-6.2.2.jar;C:\Users\Pichau\.m2\repository\org\aspectj\aspectjweaver\1.9.22.1\aspectjweaver-1.9.22.1.jar;C:\Users\Pichau\.m2\repository\org\springframework\boot\spring-boot-starter-web\3.4.2\spring-boot-starter-web-3.4.2.jar;C:\Users\Pichau\.m2\repository\org\springframework\boot\spring-boot-starter-json\3.4.2\spring-boot-starter-json-3.4.2.jar;C:\Users\Pichau\.m2\repository\com\fasterxml\jackson\datatype\jackson-datatype-jdk8\2.18.2\jackson-datatype-jdk8-2.18.2.jar;C:\Users\Pichau\.m2\repository\com\fasterxml\jackson\datatype\jackson-datatype-jsr310\2.18.2\jackson-datatype-jsr310-2.18.2.jar;C:\Users\Pichau\.m2\repository\com\fasterxml\jackson\module\jackson-module-parameter-names\2.18.2\jackson-module-parameter-names-2.18.2.jar;C:\Users\Pichau\.m2\repository\org\springframework\boot\spring-boot-starter-tomcat\3.4.2\spring-boot-starter-tomcat-3.4.2.jar;C:\Users\Pichau\.m2\repository\org\apache\tomcat\embed\tomcat-embed-core\10.1.34\tomcat-embed-core-10.1.34.jar;C:\Users\Pichau\.m2\repository\org\apache\tomcat\embed\tomcat-embed-websocket\10.1.34\tomcat-embed-websocket-10.1.34.jar;C:\Users\Pichau\.m2\repository\org\springframework\spring-web\6.2.2\spring-web-6.2.2.jar;C:\Users\Pichau\.m2\repository\io\micrometer\micrometer-observation\1.14.3\micrometer-observation-1.14.3.jar;C:\Users\Pichau\.m2\repository\io\micrometer\micrometer-commons\1.14.3\micrometer-commons-1.14.3.jar;C:\Users\Pichau\.m2\repository\org\springframework\spring-webmvc\6.2.2\spring-webmvc-6.2.2.jar;C:\Users\Pichau\.m2\repository\org\springframework\spring-expression\6.2.2\spring-expression-6.2.2.jar;C:\Users\Pichau\.m2\repository\com\auth0\java-jwt\4.4.0\java-jwt-4.4.0.jar;C:\Users\Pichau\.m2\repository\com\fasterxml\jackson\core\jackson-databind\2.18.2\jackson-databind-2.18.2.jar;C:\Users\Pichau\.m2\repository\com\fasterxml\jackson\core\jackson-annotations\2.18.2\jackson-annotations-2.18.2.jar;C:\Users\Pichau\.m2\repository\com\fasterxml\jackson\core\jackson-core\2.18.2\jackson-core-2.18.2.jar;C:\Users\Pichau\.m2\repository\com\h2database\h2\2.3.232\h2-2.3.232.jar;C:\Users\Pichau\.m2\repository\org\postgresql\postgresql\42.7.5\postgresql-42.7.5.jar;C:\Users\Pichau\.m2\repository\org\checkerframework\checker-qual\3.48.3\checker-qual-3.48.3.jar;C:\Users\Pichau\.m2\repository\org\springframework\boot\spring-boot-starter-validation\3.4.2\spring-boot-starter-validation-3.4.2.jar;C:\Users\Pichau\.m2\repository\org\apache\tomcat\embed\tomcat-embed-el\10.1.34\tomcat-embed-el-10.1.34.jar;C:\Users\Pichau\.m2\repository\org\hibernate\validator\hibernate-validator\8.0.2.Final\hibernate-validator-8.0.2.Final.jar;C:\Users\Pichau\.m2\repository\jakarta\validation\jakarta.validation-api\3.0.2\jakarta.validation-api-3.0.2.jar;C:\Users\Pichau\.m2\repository\org\springframework\boot\spring-boot-starter-test\3.4.2\spring-boot-starter-test-3.4.2.jar;C:\Users\Pichau\.m2\repository\org\springframework\boot\spring-boot-test\3.4.2\spring-boot-test-3.4.2.jar;C:\Users\Pichau\.m2\repository\org\springframework\boot\spring-boot-test-autoconfigure\3.4.2\spring-boot-test-autoconfigure-3.4.2.jar;C:\Users\Pichau\.m2\repository\com\jayway\jsonpath\json-path\2.9.0\json-path-2.9.0.jar;C:\Users\Pichau\.m2\repository\jakarta\xml\bind\jakarta.xml.bind-api\4.0.2\jakarta.xml.bind-api-4.0.2.jar;C:\Users\Pichau\.m2\repository\jakarta\activation\jakarta.activation-api\2.1.3\jakarta.activation-api-2.1.3.jar;C:\Users\Pichau\.m2\repository\net\minidev\json-smart\2.5.1\json-smart-2.5.1.jar;C:\Users\Pichau\.m2\repository\net\minidev\accessors-smart\2.5.1\accessors-smart-2.5.1.jar;C:\Users\Pichau\.m2\repository\org\ow2\asm\asm\9.6\asm-9.6.jar;C:\Users\Pichau\.m2\repository\org\assertj\assertj-core\3.26.3\assertj-core-3.26.3.jar;C:\Users\Pichau\.m2\repository\org\awaitility\awaitility\4.2.2\awaitility-4.2.2.jar;C:\Users\Pichau\.m2\repository\org\hamcrest\hamcrest\2.2\hamcrest-2.2.jar;C:\Users\Pichau\.m2\repository\org\junit\jupiter\junit-jupiter\5.11.4\junit-jupiter-5.11.4.jar;C:\Users\Pichau\.m2\repository\org\junit\jupiter\junit-jupiter-api\5.11.4\junit-jupiter-api-5.11.4.jar;C:\Users\Pichau\.m2\repository\org\opentest4j\opentest4j\1.3.0\opentest4j-1.3.0.jar;C:\Users\Pichau\.m2\repository\org\junit\platform\junit-platform-commons\1.11.4\junit-platform-commons-1.11.4.jar;C:\Users\Pichau\.m2\repository\org\apiguardian\apiguardian-api\1.1.2\apiguardian-api-1.1.2.jar;C:\Users\Pichau\.m2\repository\org\junit\jupiter\junit-jupiter-params\5.11.4\junit-jupiter-params-5.11.4.jar;C:\Users\Pichau\.m2\repository\org\junit\jupiter\junit-jupiter-engine\5.11.4\junit-jupiter-engine-5.11.4.jar;C:\Users\Pichau\.m2\repository\org\junit\platform\junit-platform-engine\1.11.4\junit-platform-engine-1.11.4.jar;C:\Users\Pichau\.m2\repository\org\mockito\mockito-core\5.14.2\mockito-core-5.14.2.jar;C:\Users\Pichau\.m2\repository\net\bytebuddy\byte-buddy-agent\1.15.11\byte-buddy-agent-1.15.11.jar;C:\Users\Pichau\.m2\repository\org\objenesis\objenesis\3.3\objenesis-3.3.jar;C:\Users\Pichau\.m2\repository\org\mockito\mockito-junit-jupiter\5.14.2\mockito-junit-jupiter-5.14.2.jar;C:\Users\Pichau\.m2\repository\org\skyscreamer\jsonassert\1.5.3\jsonassert-1.5.3.jar;C:\Users\Pichau\.m2\repository\com\vaadin\external\google\android-json\0.0.20131108.vaadin1\android-json-0.0.20131108.vaadin1.jar;C:\Users\Pichau\.m2\repository\org\springframework\spring-core\6.2.2\spring-core-6.2.2.jar;C:\Users\Pichau\.m2\repository\org\springframework\spring-jcl\6.2.2\spring-jcl-6.2.2.jar;C:\Users\Pichau\.m2\repository\org\springframework\spring-test\6.2.2\spring-test-6.2.2.jar;C:\Users\Pichau\.m2\repository\org\xmlunit\xmlunit-core\2.10.0\xmlunit-core-2.10.0.jar;C:\Users\Pichau\.m2\repository\org\springframework\boot\spring-boot-starter-security\3.4.2\spring-boot-starter-security-3.4.2.jar;C:\Users\Pichau\.m2\repository\org\springframework\spring-aop\6.2.2\spring-aop-6.2.2.jar;C:\Users\Pichau\.m2\repository\org\springframework\security\spring-security-config\6.4.2\spring-security-config-6.4.2.jar;C:\Users\Pichau\.m2\repository\org\springframework\security\spring-security-web\6.4.2\spring-security-web-6.4.2.jar;C:\Users\Pichau\.m2\repository\org\springframework\security\spring-security-test\6.4.2\spring-security-test-6.4.2.jar;C:\Users\Pichau\.m2\repository\org\springframework\security\spring-security-core\6.4.2\spring-security-core-6.4.2.jar;C:\Users\Pichau\.m2\repository\org\springframework\security\spring-security-crypto\6.4.2\spring-security-crypto-6.4.2.jar;"/>
    <property name="java.vm.vendor" value="Oracle Corporation"/>
    <property name="sun.arch.data.model" value="64"/>
    <property name="user.variant" value=""/>
    <property name="java.vendor.url" value="https://java.oracle.com/"/>
    <property name="user.timezone" value="America/Sao_Paulo"/>
    <property name="org.jboss.logging.provider" value="slf4j"/>
    <property name="os.name" value="Windows 10"/>
    <property name="java.vm.specification.version" value="21"/>
    <property name="APPLICATION_NAME" value="dslist"/>
    <property name="sun.java.launcher" value="SUN_STANDARD"/>
    <property name="user.country" value="US"/>
    <property name="sun.boot.library.path" value="C:\Program Files\Java\jdk-21\bin"/>
    <property name="sun.java.command" value="C:\Users\Pichau\AppData\Local\Temp\surefire6304755893546753810\surefirebooter-20250520174428856_3.jar C:\Users\Pichau\AppData\Local\Temp\surefire6304755893546753810 2025-05-20T17-44-28_726-jvmRun1 surefire-20250520174428856_1tmp surefire_0-20250520174428856_2tmp"/>
    <property name="jdk.debug" value="release"/>
    <property name="surefire.test.class.path" value="F:\Projects\STS\dslist\target\test-classes;F:\Projects\STS\dslist\target\classes;C:\Users\Pichau\.m2\repository\org\springframework\boot\spring-boot-starter-data-jpa\3.4.2\spring-boot-starter-data-jpa-3.4.2.jar;C:\Users\Pichau\.m2\repository\org\springframework\boot\spring-boot-starter\3.4.2\spring-boot-starter-3.4.2.jar;C:\Users\Pichau\.m2\repository\org\springframework\boot\spring-boot\3.4.2\spring-boot-3.4.2.jar;C:\Users\Pichau\.m2\repository\org\springframework\boot\spring-boot-autoconfigure\3.4.2\spring-boot-autoconfigure-3.4.2.jar;C:\Users\Pichau\.m2\repository\org\springframework\boot\spring-boot-starter-logging\3.4.2\spring-boot-starter-logging-3.4.2.jar;C:\Users\Pichau\.m2\repository\ch\qos\logback\logback-classic\1.5.16\logback-classic-1.5.16.jar;C:\Users\Pichau\.m2\repository\ch\qos\logback\logback-core\1.5.16\logback-core-1.5.16.jar;C:\Users\Pichau\.m2\repository\org\apache\logging\log4j\log4j-to-slf4j\2.24.3\log4j-to-slf4j-2.24.3.jar;C:\Users\Pichau\.m2\repository\org\apache\logging\log4j\log4j-api\2.24.3\log4j-api-2.24.3.jar;C:\Users\Pichau\.m2\repository\org\slf4j\jul-to-slf4j\2.0.16\jul-to-slf4j-2.0.16.jar;C:\Users\Pichau\.m2\repository\jakarta\annotation\jakarta.annotation-api\2.1.1\jakarta.annotation-api-2.1.1.jar;C:\Users\Pichau\.m2\repository\org\yaml\snakeyaml\2.3\snakeyaml-2.3.jar;C:\Users\Pichau\.m2\repository\org\springframework\boot\spring-boot-starter-jdbc\3.4.2\spring-boot-starter-jdbc-3.4.2.jar;C:\Users\Pichau\.m2\repository\com\zaxxer\HikariCP\5.1.0\HikariCP-5.1.0.jar;C:\Users\Pichau\.m2\repository\org\springframework\spring-jdbc\6.2.2\spring-jdbc-6.2.2.jar;C:\Users\Pichau\.m2\repository\org\hibernate\orm\hibernate-core\6.6.5.Final\hibernate-core-6.6.5.Final.jar;C:\Users\Pichau\.m2\repository\jakarta\persistence\jakarta.persistence-api\3.1.0\jakarta.persistence-api-3.1.0.jar;C:\Users\Pichau\.m2\repository\jakarta\transaction\jakarta.transaction-api\2.0.1\jakarta.transaction-api-2.0.1.jar;C:\Users\Pichau\.m2\repository\org\jboss\logging\jboss-logging\3.6.1.Final\jboss-logging-3.6.1.Final.jar;C:\Users\Pichau\.m2\repository\org\hibernate\common\hibernate-commons-annotations\7.0.3.Final\hibernate-commons-annotations-7.0.3.Final.jar;C:\Users\Pichau\.m2\repository\io\smallrye\jandex\3.2.0\jandex-3.2.0.jar;C:\Users\Pichau\.m2\repository\com\fasterxml\classmate\1.7.0\classmate-1.7.0.jar;C:\Users\Pichau\.m2\repository\net\bytebuddy\byte-buddy\1.15.11\byte-buddy-1.15.11.jar;C:\Users\Pichau\.m2\repository\org\glassfish\jaxb\jaxb-runtime\4.0.5\jaxb-runtime-4.0.5.jar;C:\Users\Pichau\.m2\repository\org\glassfish\jaxb\jaxb-core\4.0.5\jaxb-core-4.0.5.jar;C:\Users\Pichau\.m2\repository\org\eclipse\angus\angus-activation\2.0.2\angus-activation-2.0.2.jar;C:\Users\Pichau\.m2\repository\org\glassfish\jaxb\txw2\4.0.5\txw2-4.0.5.jar;C:\Users\Pichau\.m2\repository\com\sun\istack\istack-commons-runtime\4.1.2\istack-commons-runtime-4.1.2.jar;C:\Users\Pichau\.m2\repository\jakarta\inject\jakarta.inject-api\2.0.1\jakarta.inject-api-2.0.1.jar;C:\Users\Pichau\.m2\repository\org\antlr\antlr4-runtime\4.13.0\antlr4-runtime-4.13.0.jar;C:\Users\Pichau\.m2\repository\org\springframework\data\spring-data-jpa\3.4.2\spring-data-jpa-3.4.2.jar;C:\Users\Pichau\.m2\repository\org\springframework\data\spring-data-commons\3.4.2\spring-data-commons-3.4.2.jar;C:\Users\Pichau\.m2\repository\org\springframework\spring-orm\6.2.2\spring-orm-6.2.2.jar;C:\Users\Pichau\.m2\repository\org\springframework\spring-context\6.2.2\spring-context-6.2.2.jar;C:\Users\Pichau\.m2\repository\org\springframework\spring-tx\6.2.2\spring-tx-6.2.2.jar;C:\Users\Pichau\.m2\repository\org\springframework\spring-beans\6.2.2\spring-beans-6.2.2.jar;C:\Users\Pichau\.m2\repository\org\slf4j\slf4j-api\2.0.16\slf4j-api-2.0.16.jar;C:\Users\Pichau\.m2\repository\org\springframework\spring-aspects\6.2.2\spring-aspects-6.2.2.jar;C:\Users\Pichau\.m2\repository\org\aspectj\aspectjweaver\1.9.22.1\aspectjweaver-1.9.22.1.jar;C:\Users\Pichau\.m2\repository\org\springframework\boot\spring-boot-starter-web\3.4.2\spring-boot-starter-web-3.4.2.jar;C:\Users\Pichau\.m2\repository\org\springframework\boot\spring-boot-starter-json\3.4.2\spring-boot-starter-json-3.4.2.jar;C:\Users\Pichau\.m2\repository\com\fasterxml\jackson\datatype\jackson-datatype-jdk8\2.18.2\jackson-datatype-jdk8-2.18.2.jar;C:\Users\Pichau\.m2\repository\com\fasterxml\jackson\datatype\jackson-datatype-jsr310\2.18.2\jackson-datatype-jsr310-2.18.2.jar;C:\Users\Pichau\.m2\repository\com\fasterxml\jackson\module\jackson-module-parameter-names\2.18.2\jackson-module-parameter-names-2.18.2.jar;C:\Users\Pichau\.m2\repository\org\springframework\boot\spring-boot-starter-tomcat\3.4.2\spring-boot-starter-tomcat-3.4.2.jar;C:\Users\Pichau\.m2\repository\org\apache\tomcat\embed\tomcat-embed-core\10.1.34\tomcat-embed-core-10.1.34.jar;C:\Users\Pichau\.m2\repository\org\apache\tomcat\embed\tomcat-embed-websocket\10.1.34\tomcat-embed-websocket-10.1.34.jar;C:\Users\Pichau\.m2\repository\org\springframework\spring-web\6.2.2\spring-web-6.2.2.jar;C:\Users\Pichau\.m2\repository\io\micrometer\micrometer-observation\1.14.3\micrometer-observation-1.14.3.jar;C:\Users\Pichau\.m2\repository\io\micrometer\micrometer-commons\1.14.3\micrometer-commons-1.14.3.jar;C:\Users\Pichau\.m2\repository\org\springframework\spring-webmvc\6.2.2\spring-webmvc-6.2.2.jar;C:\Users\Pichau\.m2\repository\org\springframework\spring-expression\6.2.2\spring-expression-6.2.2.jar;C:\Users\Pichau\.m2\repository\com\auth0\java-jwt\4.4.0\java-jwt-4.4.0.jar;C:\Users\Pichau\.m2\repository\com\fasterxml\jackson\core\jackson-databind\2.18.2\jackson-databind-2.18.2.jar;C:\Users\Pichau\.m2\repository\com\fasterxml\jackson\core\jackson-annotations\2.18.2\jackson-annotations-2.18.2.jar;C:\Users\Pichau\.m2\repository\com\fasterxml\jackson\core\jackson-core\2.18.2\jackson-core-2.18.2.jar;C:\Users\Pichau\.m2\repository\com\h2database\h2\2.3.232\h2-2.3.232.jar;C:\Users\Pichau\.m2\repository\org\postgresql\postgresql\42.7.5\postgresql-42.7.5.jar;C:\Users\Pichau\.m2\repository\org\checkerframework\checker-qual\3.48.3\checker-qual-3.48.3.jar;C:\Users\Pichau\.m2\repository\org\springframework\boot\spring-boot-starter-validation\3.4.2\spring-boot-starter-validation-3.4.2.jar;C:\Users\Pichau\.m2\repository\org\apache\tomcat\embed\tomcat-embed-el\10.1.34\tomcat-embed-el-10.1.34.jar;C:\Users\Pichau\.m2\repository\org\hibernate\validator\hibernate-validator\8.0.2.Final\hibernate-validator-8.0.2.Final.jar;C:\Users\Pichau\.m2\repository\jakarta\validation\jakarta.validation-api\3.0.2\jakarta.validation-api-3.0.2.jar;C:\Users\Pichau\.m2\repository\org\springframework\boot\spring-boot-starter-test\3.4.2\spring-boot-starter-test-3.4.2.jar;C:\Users\Pichau\.m2\repository\org\springframework\boot\spring-boot-test\3.4.2\spring-boot-test-3.4.2.jar;C:\Users\Pichau\.m2\repository\org\springframework\boot\spring-boot-test-autoconfigure\3.4.2\spring-boot-test-autoconfigure-3.4.2.jar;C:\Users\Pichau\.m2\repository\com\jayway\jsonpath\json-path\2.9.0\json-path-2.9.0.jar;C:\Users\Pichau\.m2\repository\jakarta\xml\bind\jakarta.xml.bind-api\4.0.2\jakarta.xml.bind-api-4.0.2.jar;C:\Users\Pichau\.m2\repository\jakarta\activation\jakarta.activation-api\2.1.3\jakarta.activation-api-2.1.3.jar;C:\Users\Pichau\.m2\repository\net\minidev\json-smart\2.5.1\json-smart-2.5.1.jar;C:\Users\Pichau\.m2\repository\net\minidev\accessors-smart\2.5.1\accessors-smart-2.5.1.jar;C:\Users\Pichau\.m2\repository\org\ow2\asm\asm\9.6\asm-9.6.jar;C:\Users\Pichau\.m2\repository\org\assertj\assertj-core\3.26.3\assertj-core-3.26.3.jar;C:\Users\Pichau\.m2\repository\org\awaitility\awaitility\4.2.2\awaitility-4.2.2.jar;C:\Users\Pichau\.m2\repository\org\hamcrest\hamcrest\2.2\hamcrest-2.2.jar;C:\Users\Pichau\.m2\repository\org\junit\jupiter\junit-jupiter\5.11.4\junit-jupiter-5.11.4.jar;C:\Users\Pichau\.m2\repository\org\junit\jupiter\junit-jupiter-api\5.11.4\junit-jupiter-api-5.11.4.jar;C:\Users\Pichau\.m2\repository\org\opentest4j\opentest4j\1.3.0\opentest4j-1.3.0.jar;C:\Users\Pichau\.m2\repository\org\junit\platform\junit-platform-commons\1.11.4\junit-platform-commons-1.11.4.jar;C:\Users\Pichau\.m2\repository\org\apiguardian\apiguardian-api\1.1.2\apiguardian-api-1.1.2.jar;C:\Users\Pichau\.m2\repository\org\junit\jupiter\junit-jupiter-params\5.11.4\junit-jupiter-params-5.11.4.jar;C:\Users\Pichau\.m2\repository\org\junit\jupiter\junit-jupiter-engine\5.11.4\junit-jupiter-engine-5.11.4.jar;C:\Users\Pichau\.m2\repository\org\junit\platform\junit-platform-engine\1.11.4\junit-platform-engine-1.11.4.jar;C:\Users\Pichau\.m2\repository\org\mockito\mockito-core\5.14.2\mockito-core-5.14.2.jar;C:\Users\Pichau\.m2\repository\net\bytebuddy\byte-buddy-agent\1.15.11\byte-buddy-agent-1.15.11.jar;C:\Users\Pichau\.m2\repository\org\objenesis\objenesis\3.3\objenesis-3.3.jar;C:\Users\Pichau\.m2\repository\org\mockito\mockito-junit-jupiter\5.14.2\mockito-junit-jupiter-5.14.2.jar;C:\Users\Pichau\.m2\repository\org\skyscreamer\jsonassert\1.5.3\jsonassert-1.5.3.jar;C:\Users\Pichau\.m2\repository\com\vaadin\external\google\android-json\0.0.20131108.vaadin1\android-json-0.0.20131108.vaadin1.jar;C:\Users\Pichau\.m2\repository\org\springframework\spring-core\6.2.2\spring-core-6.2.2.jar;C:\Users\Pichau\.m2\repository\org\springframework\spring-jcl\6.2.2\spring-jcl-6.2.2.jar;C:\Users\Pichau\.m2\repository\org\springframework\spring-test\6.2.2\spring-test-6.2.2.jar;C:\Users\Pichau\.m2\repository\org\xmlunit\xmlunit-core\2.10.0\xmlunit-core-2.10.0.jar;C:\Users\Pichau\.m2\repository\org\springframework\boot\spring-boot-starter-security\3.4.2\spring-boot-starter-security-3.4.2.jar;C:\Users\Pichau\.m2\repository\org\springframework\spring-aop\6.2.2\spring-aop-6.2.2.jar;C:\Users\Pichau\.m2\repository\org\springframework\security\spring-security-config\6.4.2\spring-security-config-6.4.2.jar;C:\Users\Pichau\.m2\repository\org\springframework\security\spring-security-web\6.4.2\spring-security-web-6.4.2.jar;C:\Users\Pichau\.m2\repository\org\springframework\security\spring-security-test\6.4.2\spring-security-test-6.4.2.jar;C:\Users\Pichau\.m2\repository\org\springframework\security\spring-security-core\6.4.2\spring-security-core-6.4.2.jar;C:\Users\Pichau\.m2\repository\org\springframework\security\spring-security-crypto\6.4.2\spring-security-crypto-6.4.2.jar;"/>
    <property name="sun.cpu.endian" value="little"/>
    <property name="user.home" value="C:\Users\Pichau"/>
    <property name="user.language" value="en"/>
    <property name="java.specification.vendor" value="Oracle Corporation"/>
    <property name="java.version.date" value="2025-01-21"/>
    <property name="java.home" value="C:\Program Files\Java\jdk-21"/>
    <property name="file.separator" value="\"/>
    <property name="basedir" value="F:\Projects\STS\dslist"/>
    <property name="java.vm.compressedOopsMode" value="Zero based"/>
    <property name="line.separator" value="&#10;"/>
    <property name="java.vm.specification.vendor" value="Oracle Corporation"/>
    <property name="java.specification.name" value="Java Platform API Specification"/>
    <property name="FILE_LOG_CHARSET" value="UTF-8"/>
    <property name="java.awt.headless" value="true"/>
    <property name="surefire.real.class.path" value="C:\Users\Pichau\AppData\Local\Temp\surefire6304755893546753810\surefirebooter-20250520174428856_3.jar"/>
    <property name="user.script" value=""/>
    <property name="sun.management.compiler" value="HotSpot 64-Bit Tiered Compilers"/>
    <property name="java.runtime.version" value="21.0.6+8-LTS-188"/>
    <property name="user.name" value="Pichau"/>
    <property name="stdout.encoding" value="Cp1252"/>
    <property name="path.separator" value=";"/>
    <property name="os.version" value="10.0"/>
    <property name="java.runtime.name" value="Java(TM) SE Runtime Environment"/>
    <property name="file.encoding" value="UTF-8"/>
    <property name="java.vm.name" value="Java HotSpot(TM) 64-Bit Server VM"/>
    <property name="localRepository" value="C:\Users\Pichau\.m2\repository"/>
    <property name="java.vendor.url.bug" value="https://bugreport.java.com/bugreport/"/>
    <property name="java.io.tmpdir" value="C:\Users\Pichau\AppData\Local\Temp\"/>
    <property name="com.zaxxer.hikari.pool_number" value="1"/>
    <property name="java.version" value="21.0.6"/>
    <property name="user.dir" value="F:\Projects\STS\dslist"/>
    <property name="os.arch" value="amd64"/>
    <property name="java.vm.specification.name" value="Java Virtual Machine Specification"/>
    <property name="PID" value="10192"/>
    <property name="sun.os.patch.level" value=""/>
    <property name="CONSOLE_LOG_CHARSET" value="UTF-8"/>
    <property name="native.encoding" value="Cp1252"/>
    <property name="java.library.path" value="C:\Program Files\Java\jdk-21\bin;C:\Windows\Sun\Java\bin;C:\Windows\system32;C:\Windows;C:\Program Files\Common Files\Oracle\Java\javapath;C:\Program Files (x86)\Common Files\Oracle\Java\java8path;C:\Program Files (x86)\Common Files\Oracle\Java\javapath;C:\Program Files\OpenSSL-Win64\bin;C:\Windows\system32;C:\Program Files\nodejs;C:\Program Files (x86)\Maven\apache-maven-3.9.9\bin;C:\Windows;C:\Windows\System32\Wbem;C:\Windows\System32\WindowsPowerShell\v1.0\;C:\Program Files\MongoDB\Server\8.0\bin;C:\Windows\System32\OpenSSH\;C:\Program Files (x86)\NVIDIA Corporation\PhysX\Common;C:\Program Files\NVIDIA Corporation\NVIDIA NvDLISR;C:\Program Files\Microsoft SQL Server\Client SDK\ODBC\170\Tools\Binn\;F:\Windows Kits\10\Windows Performance Toolkit\;C:\Program Files\Git\cmd;C:\Program Files\dotnet\;C:\Program Files (x86)\Microsoft SQL Server\160\DTS\Binn\;C:\Program Files\Microsoft SQL Server\150\Tools\Binn\;C:\Program Files\Docker\Docker\resources\bin;C:\Program Files\MySQL\MySQL Shell 8.0\bin\;C:\Users\Pichau\AppData\Local\Microsoft\WindowsApps;C:\Users\Pichau\AppData\Local\GitHubDesktop\bin;F:\Microsoft VS Code\bin;C:\Users\Pichau\AppData\Local\Muse Hub\lib;C:\Users\Pichau\.dotnet\tools;C:\Users\Pichau\AppData\Roaming\npm;C:\Users\Pichau\AppData\Local\Microsoft\WinGet\Packages\Schniz.fnm_Microsoft.Winget.Source_8wekyb3d8bbwe;;."/>
    <property name="java.vm.info" value="mixed mode, sharing"/>
    <property name="stderr.encoding" value="Cp1252"/>
    <property name="java.vendor" value="Oracle Corporation"/>
    <property name="java.vm.version" value="21.0.6+8-LTS-188"/>
    <property name="sun.io.unicode.encoding" value="UnicodeLittle"/>
    <property name="java.class.version" value="65.0"/>
    <property name="LOGGED_APPLICATION_NAME" value="[dslist] "/>
  </properties>
  <testcase name="countByListCaseNotFoundCase" classname="me.dionclei.dslist.repositories.GameRepositoryTests" time="0.167">
    <system-out><![CDATA[2025-05-20T17:44:35.827-03:00  INFO 10192 --- [dslist] [           main] t.c.s.AnnotationConfigContextLoaderUtils : Could not detect default configuration classes for test class [me.dionclei.dslist.repositories.GameRepositoryTests]: GameRepositoryTests does not declare any static, non-private, non-final, nested classes annotated with @Configuration.
2025-05-20T17:44:35.913-03:00  INFO 10192 --- [dslist] [           main] .b.t.c.SpringBootTestContextBootstrapper : Found @SpringBootConfiguration me.dionclei.dslist.DslistApplication for test class me.dionclei.dslist.repositories.GameRepositoryTests

  .   ____          _            __ _ _
 /\\ / ___'_ __ _ _(_)_ __  __ _ \ \ \ \
( ( )\___ | '_ | '_| | '_ \/ _` | \ \ \ \
 \\/  ___)| |_)| | | | | || (_| |  ) ) ) )
  '  |____| .__|_| |_|_| |_\__, | / / / /
 =========|_|==============|___/=/_/_/_/

 :: Spring Boot ::                (v3.4.2)

2025-05-20T17:44:35.952-03:00  INFO 10192 --- [dslist] [           main] m.d.d.repositories.GameRepositoryTests   : Starting GameRepositoryTests using Java 21.0.6 with PID 10192 (started by Pichau in F:\Projects\STS\dslist)
2025-05-20T17:44:35.952-03:00  INFO 10192 --- [dslist] [           main] m.d.d.repositories.GameRepositoryTests   : The following 1 profile is active: "test"
2025-05-20T17:44:36.053-03:00  INFO 10192 --- [dslist] [           main] .s.d.r.c.RepositoryConfigurationDelegate : Bootstrapping Spring Data JPA repositories in DEFAULT mode.
2025-05-20T17:44:36.071-03:00  INFO 10192 --- [dslist] [           main] .s.d.r.c.RepositoryConfigurationDelegate : Finished Spring Data repository scanning in 16 ms. Found 4 JPA repository interfaces.
2025-05-20T17:44:36.088-03:00  INFO 10192 --- [dslist] [           main] beddedDataSourceBeanFactoryPostProcessor : Replacing 'dataSource' DataSource bean with embedded version
2025-05-20T17:44:36.108-03:00  INFO 10192 --- [dslist] [           main] o.s.j.d.e.EmbeddedDatabaseFactory        : Starting embedded database: url='jdbc:h2:mem:7bed82a4-6905-42da-bab2-e4d92e8bcfdb;DB_CLOSE_DELAY=-1;DB_CLOSE_ON_EXIT=false', username='sa'
2025-05-20T17:44:36.144-03:00  INFO 10192 --- [dslist] [           main] o.hibernate.jpa.internal.util.LogHelper  : HHH000204: Processing PersistenceUnitInfo [name: default]
2025-05-20T17:44:36.146-03:00  INFO 10192 --- [dslist] [           main] o.h.c.internal.RegionFactoryInitiator    : HHH000026: Second-level cache disabled
2025-05-20T17:44:36.155-03:00  INFO 10192 --- [dslist] [           main] o.s.o.j.p.SpringPersistenceUnitInfo      : No LoadTimeWeaver setup: ignoring JPA class transformer
2025-05-20T17:44:36.156-03:00  WARN 10192 --- [dslist] [           main] org.hibernate.orm.deprecation            : HHH90000025: H2Dialect does not need to be specified explicitly using 'hibernate.dialect' (remove the property setting and it will be selected by default)
2025-05-20T17:44:36.157-03:00  INFO 10192 --- [dslist] [           main] org.hibernate.orm.connections.pooling    : HHH10001005: Database info:
	Database JDBC URL [Connecting through datasource 'org.springframework.jdbc.datasource.embedded.EmbeddedDatabaseFactory$EmbeddedDataSourceProxy@15961527']
	Database driver: undefined/unknown
	Database version: 2.3.232
	Autocommit mode: undefined/unknown
	Isolation level: undefined/unknown
	Minimum pool size: undefined/unknown
	Maximum pool size: undefined/unknown
2025-05-20T17:44:36.258-03:00  INFO 10192 --- [dslist] [           main] o.h.e.t.j.p.i.JtaPlatformInitiator       : HHH000489: No JTA platform available (set 'hibernate.transaction.jta.platform' to enable JTA platform integration)
Hibernate: 
    drop table if exists tb_belonging cascade 
Hibernate: 
    drop table if exists tb_game cascade 
Hibernate: 
    drop table if exists tb_game_list cascade 
Hibernate: 
    drop table if exists tb_users cascade 
Hibernate: 
    create table tb_belonging (
        position integer,
        game_id bigint not null,
        list_id bigint not null,
        primary key (game_id, list_id)
    )
Hibernate: 
    create table tb_game (
        game_year integer,
        score float(53),
        id bigint generated by default as identity,
        genre varchar(255),
        img_url varchar(255),
        long_description TEXT,
        platforms varchar(255),
        short_description TEXT,
        title varchar(255),
        primary key (id)
    )
Hibernate: 
    create table tb_game_list (
        id bigint generated by default as identity,
        name varchar(255),
        primary key (id)
    )
Hibernate: 
    create table tb_users (
        role tinyint check (role between 0 and 1),
        uuid uuid not null,
        email varchar(255),
        name varchar(255),
        password varchar(255),
        primary key (uuid)
    )
Hibernate: 
    alter table if exists tb_belonging 
       add constraint FKrchwdikeu66uky1hf75ym1kh 
       foreign key (list_id) 
       references tb_game_list
Hibernate: 
    alter table if exists tb_belonging 
       add constraint FK2slybclee7wdfxhfltbvqkgpg 
       foreign key (game_id) 
       references tb_game
Hibernate: INSERT INTO tb_game_list (name) VALUES ('Aventura e RPG')
Hibernate: INSERT INTO tb_game_list (name) VALUES ('Jogos de plataforma')
Hibernate: INSERT INTO tb_game (title, score, game_year, genre, platforms, img_url, short_description, long_description) VALUES ('Mass Effect Trilogy', 4.8, 2012, 'Role-playing (RPG), Shooter', 'XBox, Playstation, PC', 'https://raw.githubusercontent.com/devsuperior/java-spring-dslist/main/resources/1.png', 'Lorem ipsum dolor sit amet consectetur adipisicing elit. Odit esse officiis corrupti unde repellat non quibusdam! Id nihil itaque ipsum!', 'Lorem ipsum dolor sit amet consectetur adipisicing elit. Delectus dolorum illum placeat eligendi, quis maiores veniam. Incidunt dolorum, nisi deleniti dicta odit voluptatem nam provident temporibus reprehenderit blanditiis consectetur tenetur. Dignissimos blanditiis quod corporis iste, aliquid perspiciatis architecto quasi tempore ipsam voluptates ea ad distinctio, sapiente qui, amet quidem culpa.')
Hibernate: INSERT INTO tb_game (title, score, game_year, genre, platforms, img_url, short_description, long_description) VALUES ('Red Dead Redemption 2', 4.7, 2018, 'Role-playing (RPG), Adventure', 'XBox, Playstation, PC', 'https://raw.githubusercontent.com/devsuperior/java-spring-dslist/main/resources/2.png', 'Lorem ipsum dolor sit amet consectetur adipisicing elit. Odit esse officiis corrupti unde repellat non quibusdam! Id nihil itaque ipsum!', 'Lorem ipsum dolor sit amet consectetur adipisicing elit. Delectus dolorum illum placeat eligendi, quis maiores veniam. Incidunt dolorum, nisi deleniti dicta odit voluptatem nam provident temporibus reprehenderit blanditiis consectetur tenetur. Dignissimos blanditiis quod corporis iste, aliquid perspiciatis architecto quasi tempore ipsam voluptates ea ad distinctio, sapiente qui, amet quidem culpa.')
Hibernate: INSERT INTO tb_game (title, score, game_year, genre, platforms, img_url, short_description, long_description) VALUES ('The Witcher 3: Wild Hunt', 4.7, 2014, 'Role-playing (RPG), Adventure', 'XBox, Playstation, PC', 'https://raw.githubusercontent.com/devsuperior/java-spring-dslist/main/resources/3.png', 'Lorem ipsum dolor sit amet consectetur adipisicing elit. Odit esse officiis corrupti unde repellat non quibusdam! Id nihil itaque ipsum!', 'Lorem ipsum dolor sit amet consectetur adipisicing elit. Delectus dolorum illum placeat eligendi, quis maiores veniam. Incidunt dolorum, nisi deleniti dicta odit voluptatem nam provident temporibus reprehenderit blanditiis consectetur tenetur. Dignissimos blanditiis quod corporis iste, aliquid perspiciatis architecto quasi tempore ipsam voluptates ea ad distinctio, sapiente qui, amet quidem culpa.')
Hibernate: INSERT INTO tb_game (title, score, game_year, genre, platforms, img_url, short_description, long_description) VALUES ('Sekiro: Shadows Die Twice', 3.8, 2019, 'Role-playing (RPG), Adventure', 'XBox, Playstation, PC', 'https://raw.githubusercontent.com/devsuperior/java-spring-dslist/main/resources/4.png', 'Lorem ipsum dolor sit amet consectetur adipisicing elit. Odit esse officiis corrupti unde repellat non quibusdam! Id nihil itaque ipsum!', 'Lorem ipsum dolor sit amet consectetur adipisicing elit. Delectus dolorum illum placeat eligendi, quis maiores veniam. Incidunt dolorum, nisi deleniti dicta odit voluptatem nam provident temporibus reprehenderit blanditiis consectetur tenetur. Dignissimos blanditiis quod corporis iste, aliquid perspiciatis architecto quasi tempore ipsam voluptates ea ad distinctio, sapiente qui, amet quidem culpa.')
Hibernate: INSERT INTO tb_game (title, score, game_year, genre, platforms, img_url, short_description, long_description) VALUES ('Ghost of Tsushima', 4.6, 2012, 'Role-playing (RPG), Adventure', 'XBox, Playstation, PC', 'https://raw.githubusercontent.com/devsuperior/java-spring-dslist/main/resources/5.png', 'Lorem ipsum dolor sit amet consectetur adipisicing elit. Odit esse officiis corrupti unde repellat non quibusdam! Id nihil itaque ipsum!', 'Lorem ipsum dolor sit amet consectetur adipisicing elit. Delectus dolorum illum placeat eligendi, quis maiores veniam. Incidunt dolorum, nisi deleniti dicta odit voluptatem nam provident temporibus reprehenderit blanditiis consectetur tenetur. Dignissimos blanditiis quod corporis iste, aliquid perspiciatis architecto quasi tempore ipsam voluptates ea ad distinctio, sapiente qui, amet quidem culpa.')
Hibernate: INSERT INTO tb_game (title, score, game_year, genre, platforms, img_url, short_description, long_description) VALUES ('Super Mario World', 4.7, 1990, 'Platform', 'Super Ness, PC', 'https://raw.githubusercontent.com/devsuperior/java-spring-dslist/main/resources/6.png', 'Lorem ipsum dolor sit amet consectetur adipisicing elit. Odit esse officiis corrupti unde repellat non quibusdam! Id nihil itaque ipsum!', 'Lorem ipsum dolor sit amet consectetur adipisicing elit. Delectus dolorum illum placeat eligendi, quis maiores veniam. Incidunt dolorum, nisi deleniti dicta odit voluptatem nam provident temporibus reprehenderit blanditiis consectetur tenetur. Dignissimos blanditiis quod corporis iste, aliquid perspiciatis architecto quasi tempore ipsam voluptates ea ad distinctio, sapiente qui, amet quidem culpa.')
Hibernate: INSERT INTO tb_game (title, score, game_year, genre, platforms, img_url, short_description, long_description) VALUES ('Hollow Knight', 4.6, 2017, 'Platform', 'XBox, Playstation, PC', 'https://raw.githubusercontent.com/devsuperior/java-spring-dslist/main/resources/7.png', 'Lorem ipsum dolor sit amet consectetur adipisicing elit. Odit esse officiis corrupti unde repellat non quibusdam! Id nihil itaque ipsum!', 'Lorem ipsum dolor sit amet consectetur adipisicing elit. Delectus dolorum illum placeat eligendi, quis maiores veniam. Incidunt dolorum, nisi deleniti dicta odit voluptatem nam provident temporibus reprehenderit blanditiis consectetur tenetur. Dignissimos blanditiis quod corporis iste, aliquid perspiciatis architecto quasi tempore ipsam voluptates ea ad distinctio, sapiente qui, amet quidem culpa.')
Hibernate: INSERT INTO tb_game (title, score, game_year, genre, platforms, img_url, short_description, long_description) VALUES ('Ori and the Blind Forest', 4, 2015, 'Platform', 'XBox, Playstation, PC', 'https://raw.githubusercontent.com/devsuperior/java-spring-dslist/main/resources/8.png', 'Lorem ipsum dolor sit amet consectetur adipisicing elit. Odit esse officiis corrupti unde repellat non quibusdam! Id nihil itaque ipsum!', 'Lorem ipsum dolor sit amet consectetur adipisicing elit. Delectus dolorum illum placeat eligendi, quis maiores veniam. Incidunt dolorum, nisi deleniti dicta odit voluptatem nam provident temporibus reprehenderit blanditiis consectetur tenetur. Dignissimos blanditiis quod corporis iste, aliquid perspiciatis architecto quasi tempore ipsam voluptates ea ad distinctio, sapiente qui, amet quidem culpa.')
Hibernate: INSERT INTO tb_game (title, score, game_year, genre, platforms, img_url, short_description, long_description) VALUES ('Cuphead', 4.6, 2017, 'Platform', 'XBox, Playstation, PC', 'https://raw.githubusercontent.com/devsuperior/java-spring-dslist/main/resources/9.png', 'Lorem ipsum dolor sit amet consectetur adipisicing elit. Odit esse officiis corrupti unde repellat non quibusdam! Id nihil itaque ipsum!', 'Lorem ipsum dolor sit amet consectetur adipisicing elit. Delectus dolorum illum placeat eligendi, quis maiores veniam. Incidunt dolorum, nisi deleniti dicta odit voluptatem nam provident temporibus reprehenderit blanditiis consectetur tenetur. Dignissimos blanditiis quod corporis iste, aliquid perspiciatis architecto quasi tempore ipsam voluptates ea ad distinctio, sapiente qui, amet quidem culpa.')
Hibernate: INSERT INTO tb_game (title, score, game_year, genre, platforms, img_url, short_description, long_description) VALUES ('Sonic CD', 4, 1993, 'Platform', 'Sega CD, PC', 'https://raw.githubusercontent.com/devsuperior/java-spring-dslist/main/resources/10.png', 'Lorem ipsum dolor sit amet consectetur adipisicing elit. Odit esse officiis corrupti unde repellat non quibusdam! Id nihil itaque ipsum!', 'Lorem ipsum dolor sit amet consectetur adipisicing elit. Delectus dolorum illum placeat eligendi, quis maiores veniam. Incidunt dolorum, nisi deleniti dicta odit voluptatem nam provident temporibus reprehenderit blanditiis consectetur tenetur. Dignissimos blanditiis quod corporis iste, aliquid perspiciatis architecto quasi tempore ipsam voluptates ea ad distinctio, sapiente qui, amet quidem culpa.')
Hibernate: INSERT INTO tb_belonging (list_id, game_id, position) VALUES (1, 1, 0)
Hibernate: INSERT INTO tb_belonging (list_id, game_id, position) VALUES (1, 2, 1)
Hibernate: INSERT INTO tb_belonging (list_id, game_id, position) VALUES (1, 3, 2)
Hibernate: INSERT INTO tb_belonging (list_id, game_id, position) VALUES (1, 4, 3)
Hibernate: INSERT INTO tb_belonging (list_id, game_id, position) VALUES (1, 5, 4)
Hibernate: INSERT INTO tb_belonging (list_id, game_id, position) VALUES (2, 6, 0)
Hibernate: INSERT INTO tb_belonging (list_id, game_id, position) VALUES (2, 7, 1)
Hibernate: INSERT INTO tb_belonging (list_id, game_id, position) VALUES (2, 8, 2)
Hibernate: INSERT INTO tb_belonging (list_id, game_id, position) VALUES (2, 9, 3)
Hibernate: INSERT INTO tb_belonging (list_id, game_id, position) VALUES (2, 10, 4)
2025-05-20T17:44:36.274-03:00  INFO 10192 --- [dslist] [           main] j.LocalContainerEntityManagerFactoryBean : Initialized JPA EntityManagerFactory for persistence unit 'default'
2025-05-20T17:44:36.330-03:00  INFO 10192 --- [dslist] [           main] m.d.d.repositories.GameRepositoryTests   : Started GameRepositoryTests in 0.414 seconds (process running for 7.346)
Hibernate: 
    SELECT
        COUNT(*)     
    FROM
        tb_game     
    INNER JOIN
        tb_belonging 
            ON tb_game.id = tb_belonging.game_id     
    WHERE
        tb_belonging.list_id = ? 
]]></system-out>
  </testcase>
  <testcase name="searchByList" classname="me.dionclei.dslist.repositories.GameRepositoryTests" time="0.029">
    <system-out><![CDATA[Hibernate: 
    SELECT
        tb_game.id,
        tb_game.title,
        tb_game.game_year AS `year`,
        tb_game.img_url AS imgUrl,
        tb_game.short_description AS shortDescription,
        tb_belonging.position 
    FROM
        tb_game 
    INNER JOIN
        tb_belonging 
            ON tb_game.id = tb_belonging.game_id 
    WHERE
        tb_belonging.list_id = ? 
    ORDER BY
        tb_belonging.position 
]]></system-out>
  </testcase>
  <testcase name="searchByListSkipping" classname="me.dionclei.dslist.repositories.GameRepositoryTests" time="0.01">
    <system-out><![CDATA[Hibernate: 
    SELECT
        tb_game.id,
        tb_game.title,
        tb_game.game_year AS `year`,
        tb_game.img_url AS imgUrl,
        tb_game.short_description AS shortDescription,
        tb_belonging.position  
    FROM
        tb_game  
    INNER JOIN
        tb_belonging 
            ON tb_game.id = tb_belonging.game_id  
    WHERE
        tb_belonging.list_id = ?  
    ORDER BY
        tb_belonging.position 
    LIMIT
        10 
    OFFSET
        ? 
]]></system-out>
  </testcase>
  <testcase name="countGamesCase1" classname="me.dionclei.dslist.repositories.GameRepositoryTests" time="0.011">
    <system-out><![CDATA[Hibernate: 
    SELECT
        COUNT(*)     
    FROM
        tb_game 
]]></system-out>
  </testcase>
  <testcase name="countByList" classname="me.dionclei.dslist.repositories.GameRepositoryTests" time="0.011">
    <system-out><![CDATA[Hibernate: 
    SELECT
        COUNT(*)     
    FROM
        tb_game     
    INNER JOIN
        tb_belonging 
            ON tb_game.id = tb_belonging.game_id     
    WHERE
        tb_belonging.list_id = ? 
]]></system-out>
  </testcase>
  <testcase name="findAllPagedCase" classname="me.dionclei.dslist.repositories.GameRepositoryTests" time="0.03">
    <system-out><![CDATA[Hibernate: 
    SELECT
        *  
    FROM
        tb_game  
    LIMIT
        10  
    OFFSET
        ? 
]]></system-out>
  </testcase>
  <testcase name="searchByListNotFoundCase" classname="me.dionclei.dslist.repositories.GameRepositoryTests" time="0.011">
    <system-out><![CDATA[Hibernate: 
    SELECT
        tb_game.id,
        tb_game.title,
        tb_game.game_year AS `year`,
        tb_game.img_url AS imgUrl,
        tb_game.short_description AS shortDescription,
        tb_belonging.position 
    FROM
        tb_game 
    INNER JOIN
        tb_belonging 
            ON tb_game.id = tb_belonging.game_id 
    WHERE
        tb_belonging.list_id = ? 
    ORDER BY
        tb_belonging.position 
]]></system-out>
  </testcase>
  <testcase name="searchByListSkippingNotFoundCase" classname="me.dionclei.dslist.repositories.GameRepositoryTests" time="0.008">
    <system-out><![CDATA[Hibernate: 
    SELECT
        tb_game.id,
        tb_game.title,
        tb_game.game_year AS `year`,
        tb_game.img_url AS imgUrl,
        tb_game.short_description AS shortDescription,
        tb_belonging.position  
    FROM
        tb_game  
    INNER JOIN
        tb_belonging 
            ON tb_game.id = tb_belonging.game_id  
    WHERE
        tb_belonging.list_id = ?  
    ORDER BY
        tb_belonging.position 
    LIMIT
        10 
    OFFSET
        ? 
]]></system-out>
  </testcase>
</testsuite>